<?xml version="1.0" encoding="UTF-8"?>
<!-- Generated by org.testng.reporters.JUnitXMLReporter -->
<testsuite ignored="0" hostname="BCTCL-DL5420242" failures="0" tests="4" name="Test" time="0.144" errors="0" timestamp="2024-12-27T08:21:44 IST">
  <testcase classname="Bahwan.TestCoverageDemo.LoginPage" name="Home" time="0.014"/>
  <testcase classname="Bahwan.TestCoverageDemo.LoginPage" name="Login" time="0.002"/>
  <testcase classname="Bahwan.TestCoverageDemo.LoginPage" name="Signup" time="0.001"/>
  <testcase classname="Bahwan.TestCoverageDemo.LoginPage" name="welcome" time="0.001"/>
</testsuite> <!-- Test -->
