<?xml version="1.0" encoding="UTF-8"?>
<!-- Generated by org.testng.reporters.JUnitXMLReporter -->
<testsuite ignored="1" hostname="BCTCL-DL5420242" failures="0" tests="2" name="Test" time="0.181" errors="0" timestamp="2024-12-08T18:35:59 IST">
  <testcase classname="Bahwan.TestCoverageDemo.codeCoverageTest" name="sample1" time="0.027"/>
  <testcase classname="Bahwan.TestCoverageDemo.codeCoverageTest" name="sample2" time="0.002"/>
  <testcase classname="Bahwan.TestCoverageDemo.codeCoverageTest" name="sample3" time="0.0">
    <ignored/>
  </testcase> <!-- sample3 -->
</testsuite> <!-- Test -->
