<?xml version="1.0" encoding="UTF-8"?>
<testng-results ignored="0" total="4" passed="4" failed="0" skipped="0">
  <reporter-output>
  </reporter-output>
  <suite started-at="2024-12-27T08:21:43 IST" name="ImpactedTests" finished-at="2024-12-27T08:21:44 IST" duration-ms="144">
    <groups>
    </groups>
    <test started-at="2024-12-27T08:21:43 IST" name="Test" finished-at="2024-12-27T08:21:44 IST" duration-ms="144">
      <class name="Bahwan.TestCoverageDemo.LoginPage">
        <test-method signature="Home()[pri:0, instance:Bahwan.TestCoverageDemo.LoginPage@3a1d593e]" started-at="2024-12-27T08:21:44 IST" name="Home" finished-at="2024-12-27T08:21:44 IST" duration-ms="14" status="PASS">
          <reporter-output>
          </reporter-output>
        </test-method> <!-- Home -->
        <test-method signature="Login()[pri:0, instance:Bahwan.TestCoverageDemo.LoginPage@3a1d593e]" started-at="2024-12-27T08:21:44 IST" name="Login" finished-at="2024-12-27T08:21:44 IST" duration-ms="2" status="PASS">
          <reporter-output>
          </reporter-output>
        </test-method> <!-- Login -->
        <test-method signature="Signup()[pri:0, instance:Bahwan.TestCoverageDemo.LoginPage@3a1d593e]" started-at="2024-12-27T08:21:44 IST" name="Signup" finished-at="2024-12-27T08:21:44 IST" duration-ms="1" status="PASS">
          <reporter-output>
          </reporter-output>
        </test-method> <!-- Signup -->
        <test-method signature="welcome()[pri:0, instance:Bahwan.TestCoverageDemo.LoginPage@3a1d593e]" started-at="2024-12-27T08:21:44 IST" name="welcome" finished-at="2024-12-27T08:21:44 IST" duration-ms="1" status="PASS">
          <reporter-output>
          </reporter-output>
        </test-method> <!-- welcome -->
      </class> <!-- Bahwan.TestCoverageDemo.LoginPage -->
    </test> <!-- Test -->
  </suite> <!-- ImpactedTests -->
</testng-results>
