<?xml version="1.0" encoding="UTF-8"?>
<testng-results ignored="0" total="1" passed="1" failed="0" skipped="0">
  <reporter-output>
  </reporter-output>
  <suite started-at="2024-11-27T13:42:08 IST" name="Suite" finished-at="2024-11-27T13:42:12 IST" duration-ms="4233">
    <groups>
    </groups>
    <test started-at="2024-11-27T13:42:08 IST" name="Test" finished-at="2024-11-27T13:42:12 IST" duration-ms="4233">
      <class name="Bahwan.TestCoverageDemo.sample">
        <test-method signature="sample1()[pri:0, instance:Bahwan.TestCoverageDemo.sample@53d1b9b3]" started-at="2024-11-27T13:42:08 IST" name="sample1" finished-at="2024-11-27T13:42:12 IST" duration-ms="4179" status="PASS">
          <reporter-output>
          </reporter-output>
        </test-method> <!-- sample1 -->
      </class> <!-- Bahwan.TestCoverageDemo.sample -->
    </test> <!-- Test -->
  </suite> <!-- Suite -->
</testng-results>
