<?xml version="1.0" encoding="UTF-8"?>
<testng-results ignored="0" total="2" passed="2" failed="0" skipped="0">
  <reporter-output>
  </reporter-output>
  <suite started-at="2024-12-02T18:19:25 IST" name="ImpactedTests" finished-at="2024-12-02T18:19:26 IST" duration-ms="88">
    <groups>
    </groups>
    <test started-at="2024-12-02T18:19:25 IST" name="Test" finished-at="2024-12-02T18:19:26 IST" duration-ms="88">
      <class name="Bahwan.TestCoverageDemo.codeCoverageTest">
        <test-method signature="sample1()[pri:0, instance:Bahwan.TestCoverageDemo.codeCoverageTest@702657cc]" started-at="2024-12-02T18:19:26 IST" name="sample1" finished-at="2024-12-02T18:19:26 IST" duration-ms="19" status="PASS">
          <reporter-output>
          </reporter-output>
        </test-method> <!-- sample1 -->
        <test-method signature="sample2()[pri:0, instance:Bahwan.TestCoverageDemo.codeCoverageTest@702657cc]" started-at="2024-12-02T18:19:26 IST" name="sample2" finished-at="2024-12-02T18:19:26 IST" duration-ms="3" status="PASS">
          <reporter-output>
          </reporter-output>
        </test-method> <!-- sample2 -->
      </class> <!-- Bahwan.TestCoverageDemo.codeCoverageTest -->
    </test> <!-- Test -->
  </suite> <!-- ImpactedTests -->
</testng-results>
