<?xml version="1.0" encoding="UTF-8"?>
<!-- Generated by org.testng.reporters.JUnitXMLReporter -->
<testsuite ignored="1" hostname="BCTCL-DL5420242" failures="0" tests="2" name="Test" time="0.068" errors="0" timestamp="2024-12-09T16:42:55 IST">
  <testcase classname="Bahwan.TestCoverageDemo.codeCoverageTest" name="sample1" time="0.013"/>
  <testcase classname="Bahwan.TestCoverageDemo.codeCoverageTest" name="sample2" time="0.001"/>
  <testcase classname="Bahwan.TestCoverageDemo.codeCoverageTest" name="sample3" time="0.0">
    <ignored/>
  </testcase> <!-- sample3 -->
</testsuite> <!-- Test -->
